Performing C SOURCE FILE Test OpenMP_FLAG_DETECTED failed with the following output:
Change Dir: /Users/SJCY/Library/Mobile Documents/com~apple~CloudDocs/Research/mpm/build/CMakeFiles/CMakeTmp

Run Build Command:"/usr/bin/make" "cmTC_f1abd/fast"
/Applications/Xcode.app/Contents/Developer/usr/bin/make -f CMakeFiles/cmTC_f1abd.dir/build.make CMakeFiles/cmTC_f1abd.dir/build
Building C object CMakeFiles/cmTC_f1abd.dir/src.c.o
/Applications/Xcode.app/Contents/Developer/Toolchains/XcodeDefault.xctoolchain/usr/bin/cc    -DOpenMP_FLAG_DETECTED -fopenmp=libomp   -o CMakeFiles/cmTC_f1abd.dir/src.c.o   -c "/Users/SJCY/Library/Mobile Documents/com~apple~CloudDocs/Research/mpm/build/CMakeFiles/CMakeTmp/src.c"
clang: error: unsupported argument 'libomp' to option 'fopenmp='
make[1]: *** [CMakeFiles/cmTC_f1abd.dir/src.c.o] Error 1
make: *** [cmTC_f1abd/fast] Error 2

Source file was:

#include <omp.h>
int main() {
#ifdef _OPENMP
  return 0;
#else
  breaks_on_purpose
#endif
}

Performing C SOURCE FILE Test OpenMP_FLAG_DETECTED failed with the following output:
Change Dir: /Users/SJCY/Library/Mobile Documents/com~apple~CloudDocs/Research/mpm/build/CMakeFiles/CMakeTmp

Run Build Command:"/usr/bin/make" "cmTC_8f62f/fast"
/Applications/Xcode.app/Contents/Developer/usr/bin/make -f CMakeFiles/cmTC_8f62f.dir/build.make CMakeFiles/cmTC_8f62f.dir/build
Building C object CMakeFiles/cmTC_8f62f.dir/src.c.o
/Applications/Xcode.app/Contents/Developer/Toolchains/XcodeDefault.xctoolchain/usr/bin/cc    -DOpenMP_FLAG_DETECTED   -o CMakeFiles/cmTC_8f62f.dir/src.c.o   -c "/Users/SJCY/Library/Mobile Documents/com~apple~CloudDocs/Research/mpm/build/CMakeFiles/CMakeTmp/src.c"
/Users/SJCY/Library/Mobile Documents/com~apple~CloudDocs/Research/mpm/build/CMakeFiles/CMakeTmp/src.c:2:10: fatal error: 'omp.h' file not found
#include <omp.h>
         ^
1 error generated.
make[1]: *** [CMakeFiles/cmTC_8f62f.dir/src.c.o] Error 1
make: *** [cmTC_8f62f/fast] Error 2

Source file was:

#include <omp.h>
int main() {
#ifdef _OPENMP
  return 0;
#else
  breaks_on_purpose
#endif
}

Performing C SOURCE FILE Test OpenMP_FLAG_DETECTED failed with the following output:
Change Dir: /Users/SJCY/Library/Mobile Documents/com~apple~CloudDocs/Research/mpm/build/CMakeFiles/CMakeTmp

Run Build Command:"/usr/bin/make" "cmTC_4b2ae/fast"
/Applications/Xcode.app/Contents/Developer/usr/bin/make -f CMakeFiles/cmTC_4b2ae.dir/build.make CMakeFiles/cmTC_4b2ae.dir/build
Building C object CMakeFiles/cmTC_4b2ae.dir/src.c.o
/Applications/Xcode.app/Contents/Developer/Toolchains/XcodeDefault.xctoolchain/usr/bin/cc    -DOpenMP_FLAG_DETECTED -fopenmp   -o CMakeFiles/cmTC_4b2ae.dir/src.c.o   -c "/Users/SJCY/Library/Mobile Documents/com~apple~CloudDocs/Research/mpm/build/CMakeFiles/CMakeTmp/src.c"
clang: error: unsupported option '-fopenmp'
make[1]: *** [CMakeFiles/cmTC_4b2ae.dir/src.c.o] Error 1
make: *** [cmTC_4b2ae/fast] Error 2

Source file was:

#include <omp.h>
int main() {
#ifdef _OPENMP
  return 0;
#else
  breaks_on_purpose
#endif
}

Performing C SOURCE FILE Test OpenMP_FLAG_DETECTED failed with the following output:
Change Dir: /Users/SJCY/Library/Mobile Documents/com~apple~CloudDocs/Research/mpm/build/CMakeFiles/CMakeTmp

Run Build Command:"/usr/bin/make" "cmTC_a3685/fast"
/Applications/Xcode.app/Contents/Developer/usr/bin/make -f CMakeFiles/cmTC_a3685.dir/build.make CMakeFiles/cmTC_a3685.dir/build
Building C object CMakeFiles/cmTC_a3685.dir/src.c.o
/Applications/Xcode.app/Contents/Developer/Toolchains/XcodeDefault.xctoolchain/usr/bin/cc    -DOpenMP_FLAG_DETECTED /openmp   -o CMakeFiles/cmTC_a3685.dir/src.c.o   -c "/Users/SJCY/Library/Mobile Documents/com~apple~CloudDocs/Research/mpm/build/CMakeFiles/CMakeTmp/src.c"
clang: error: no such file or directory: '/openmp'
make[1]: *** [CMakeFiles/cmTC_a3685.dir/src.c.o] Error 1
make: *** [cmTC_a3685/fast] Error 2

Source file was:

#include <omp.h>
int main() {
#ifdef _OPENMP
  return 0;
#else
  breaks_on_purpose
#endif
}

Performing C SOURCE FILE Test OpenMP_FLAG_DETECTED failed with the following output:
Change Dir: /Users/SJCY/Library/Mobile Documents/com~apple~CloudDocs/Research/mpm/build/CMakeFiles/CMakeTmp

Run Build Command:"/usr/bin/make" "cmTC_de056/fast"
/Applications/Xcode.app/Contents/Developer/usr/bin/make -f CMakeFiles/cmTC_de056.dir/build.make CMakeFiles/cmTC_de056.dir/build
Building C object CMakeFiles/cmTC_de056.dir/src.c.o
/Applications/Xcode.app/Contents/Developer/Toolchains/XcodeDefault.xctoolchain/usr/bin/cc    -DOpenMP_FLAG_DETECTED -Qopenmp   -o CMakeFiles/cmTC_de056.dir/src.c.o   -c "/Users/SJCY/Library/Mobile Documents/com~apple~CloudDocs/Research/mpm/build/CMakeFiles/CMakeTmp/src.c"
clang: error: unknown argument: '-Qopenmp'
make[1]: *** [CMakeFiles/cmTC_de056.dir/src.c.o] Error 1
make: *** [cmTC_de056/fast] Error 2

Source file was:

#include <omp.h>
int main() {
#ifdef _OPENMP
  return 0;
#else
  breaks_on_purpose
#endif
}

Performing C SOURCE FILE Test OpenMP_FLAG_DETECTED failed with the following output:
Change Dir: /Users/SJCY/Library/Mobile Documents/com~apple~CloudDocs/Research/mpm/build/CMakeFiles/CMakeTmp

Run Build Command:"/usr/bin/make" "cmTC_a3112/fast"
/Applications/Xcode.app/Contents/Developer/usr/bin/make -f CMakeFiles/cmTC_a3112.dir/build.make CMakeFiles/cmTC_a3112.dir/build
Building C object CMakeFiles/cmTC_a3112.dir/src.c.o
/Applications/Xcode.app/Contents/Developer/Toolchains/XcodeDefault.xctoolchain/usr/bin/cc    -DOpenMP_FLAG_DETECTED -openmp   -o CMakeFiles/cmTC_a3112.dir/src.c.o   -c "/Users/SJCY/Library/Mobile Documents/com~apple~CloudDocs/Research/mpm/build/CMakeFiles/CMakeTmp/src.c"
/Users/SJCY/Library/Mobile Documents/com~apple~CloudDocs/Research/mpm/build/CMakeFiles/CMakeTmp/src.c:2:10: fatal error: 'omp.h' file not found
#include <omp.h>
         ^
1 error generated.
make[1]: *** [CMakeFiles/cmTC_a3112.dir/src.c.o] Error 1
make: *** [cmTC_a3112/fast] Error 2

Source file was:

#include <omp.h>
int main() {
#ifdef _OPENMP
  return 0;
#else
  breaks_on_purpose
#endif
}

Performing C SOURCE FILE Test OpenMP_FLAG_DETECTED failed with the following output:
Change Dir: /Users/SJCY/Library/Mobile Documents/com~apple~CloudDocs/Research/mpm/build/CMakeFiles/CMakeTmp

Run Build Command:"/usr/bin/make" "cmTC_5c056/fast"
/Applications/Xcode.app/Contents/Developer/usr/bin/make -f CMakeFiles/cmTC_5c056.dir/build.make CMakeFiles/cmTC_5c056.dir/build
Building C object CMakeFiles/cmTC_5c056.dir/src.c.o
/Applications/Xcode.app/Contents/Developer/Toolchains/XcodeDefault.xctoolchain/usr/bin/cc    -DOpenMP_FLAG_DETECTED -xopenmp   -o CMakeFiles/cmTC_5c056.dir/src.c.o   -c "/Users/SJCY/Library/Mobile Documents/com~apple~CloudDocs/Research/mpm/build/CMakeFiles/CMakeTmp/src.c"
clang: error: language not recognized: 'openmp'
clang: warning: /Users/SJCY/Library/Mobile Documents/com~apple~CloudDocs/Research/mpm/build/CMakeFiles/CMakeTmp/src.c: 'linker' input unused [-Wunused-command-line-argument]
make[1]: *** [CMakeFiles/cmTC_5c056.dir/src.c.o] Error 1
make: *** [cmTC_5c056/fast] Error 2

Source file was:

#include <omp.h>
int main() {
#ifdef _OPENMP
  return 0;
#else
  breaks_on_purpose
#endif
}

Performing C SOURCE FILE Test OpenMP_FLAG_DETECTED failed with the following output:
Change Dir: /Users/SJCY/Library/Mobile Documents/com~apple~CloudDocs/Research/mpm/build/CMakeFiles/CMakeTmp

Run Build Command:"/usr/bin/make" "cmTC_20721/fast"
/Applications/Xcode.app/Contents/Developer/usr/bin/make -f CMakeFiles/cmTC_20721.dir/build.make CMakeFiles/cmTC_20721.dir/build
Building C object CMakeFiles/cmTC_20721.dir/src.c.o
/Applications/Xcode.app/Contents/Developer/Toolchains/XcodeDefault.xctoolchain/usr/bin/cc    -DOpenMP_FLAG_DETECTED +Oopenmp   -o CMakeFiles/cmTC_20721.dir/src.c.o   -c "/Users/SJCY/Library/Mobile Documents/com~apple~CloudDocs/Research/mpm/build/CMakeFiles/CMakeTmp/src.c"
clang: error: no such file or directory: '+Oopenmp'
make[1]: *** [CMakeFiles/cmTC_20721.dir/src.c.o] Error 1
make: *** [cmTC_20721/fast] Error 2

Source file was:

#include <omp.h>
int main() {
#ifdef _OPENMP
  return 0;
#else
  breaks_on_purpose
#endif
}

Performing C SOURCE FILE Test OpenMP_FLAG_DETECTED failed with the following output:
Change Dir: /Users/SJCY/Library/Mobile Documents/com~apple~CloudDocs/Research/mpm/build/CMakeFiles/CMakeTmp

Run Build Command:"/usr/bin/make" "cmTC_51d23/fast"
/Applications/Xcode.app/Contents/Developer/usr/bin/make -f CMakeFiles/cmTC_51d23.dir/build.make CMakeFiles/cmTC_51d23.dir/build
Building C object CMakeFiles/cmTC_51d23.dir/src.c.o
/Applications/Xcode.app/Contents/Developer/Toolchains/XcodeDefault.xctoolchain/usr/bin/cc    -DOpenMP_FLAG_DETECTED -qsmp   -o CMakeFiles/cmTC_51d23.dir/src.c.o   -c "/Users/SJCY/Library/Mobile Documents/com~apple~CloudDocs/Research/mpm/build/CMakeFiles/CMakeTmp/src.c"
clang: error: unknown argument: '-qsmp'
make[1]: *** [CMakeFiles/cmTC_51d23.dir/src.c.o] Error 1
make: *** [cmTC_51d23/fast] Error 2

Source file was:

#include <omp.h>
int main() {
#ifdef _OPENMP
  return 0;
#else
  breaks_on_purpose
#endif
}

Performing C SOURCE FILE Test OpenMP_FLAG_DETECTED failed with the following output:
Change Dir: /Users/SJCY/Library/Mobile Documents/com~apple~CloudDocs/Research/mpm/build/CMakeFiles/CMakeTmp

Run Build Command:"/usr/bin/make" "cmTC_d675d/fast"
/Applications/Xcode.app/Contents/Developer/usr/bin/make -f CMakeFiles/cmTC_d675d.dir/build.make CMakeFiles/cmTC_d675d.dir/build
Building C object CMakeFiles/cmTC_d675d.dir/src.c.o
/Applications/Xcode.app/Contents/Developer/Toolchains/XcodeDefault.xctoolchain/usr/bin/cc    -DOpenMP_FLAG_DETECTED -mp   -o CMakeFiles/cmTC_d675d.dir/src.c.o   -c "/Users/SJCY/Library/Mobile Documents/com~apple~CloudDocs/Research/mpm/build/CMakeFiles/CMakeTmp/src.c"
clang: error: unknown argument: '-mp'
make[1]: *** [CMakeFiles/cmTC_d675d.dir/src.c.o] Error 1
make: *** [cmTC_d675d/fast] Error 2

Source file was:

#include <omp.h>
int main() {
#ifdef _OPENMP
  return 0;
#else
  breaks_on_purpose
#endif
}

Performing C++ SOURCE FILE Test OpenMP_FLAG_DETECTED failed with the following output:
Change Dir: /Users/SJCY/Library/Mobile Documents/com~apple~CloudDocs/Research/mpm/build/CMakeFiles/CMakeTmp

Run Build Command:"/usr/bin/make" "cmTC_5a9cc/fast"
/Applications/Xcode.app/Contents/Developer/usr/bin/make -f CMakeFiles/cmTC_5a9cc.dir/build.make CMakeFiles/cmTC_5a9cc.dir/build
Building CXX object CMakeFiles/cmTC_5a9cc.dir/src.cxx.o
/Applications/Xcode.app/Contents/Developer/Toolchains/XcodeDefault.xctoolchain/usr/bin/c++     -std=c++11 -m64 -g -DOpenMP_FLAG_DETECTED -fopenmp=libomp   -o CMakeFiles/cmTC_5a9cc.dir/src.cxx.o -c "/Users/SJCY/Library/Mobile Documents/com~apple~CloudDocs/Research/mpm/build/CMakeFiles/CMakeTmp/src.cxx"
clang: error: unsupported argument 'libomp' to option 'fopenmp='
make[1]: *** [CMakeFiles/cmTC_5a9cc.dir/src.cxx.o] Error 1
make: *** [cmTC_5a9cc/fast] Error 2

Source file was:

#include <omp.h>
int main() {
#ifdef _OPENMP
  return 0;
#else
  breaks_on_purpose
#endif
}

Performing C++ SOURCE FILE Test OpenMP_FLAG_DETECTED failed with the following output:
Change Dir: /Users/SJCY/Library/Mobile Documents/com~apple~CloudDocs/Research/mpm/build/CMakeFiles/CMakeTmp

Run Build Command:"/usr/bin/make" "cmTC_07904/fast"
/Applications/Xcode.app/Contents/Developer/usr/bin/make -f CMakeFiles/cmTC_07904.dir/build.make CMakeFiles/cmTC_07904.dir/build
Building CXX object CMakeFiles/cmTC_07904.dir/src.cxx.o
/Applications/Xcode.app/Contents/Developer/Toolchains/XcodeDefault.xctoolchain/usr/bin/c++     -std=c++11 -m64 -g -DOpenMP_FLAG_DETECTED   -o CMakeFiles/cmTC_07904.dir/src.cxx.o -c "/Users/SJCY/Library/Mobile Documents/com~apple~CloudDocs/Research/mpm/build/CMakeFiles/CMakeTmp/src.cxx"
/Users/SJCY/Library/Mobile Documents/com~apple~CloudDocs/Research/mpm/build/CMakeFiles/CMakeTmp/src.cxx:2:10: fatal error: 'omp.h' file not found
#include <omp.h>
         ^
1 error generated.
make[1]: *** [CMakeFiles/cmTC_07904.dir/src.cxx.o] Error 1
make: *** [cmTC_07904/fast] Error 2

Source file was:

#include <omp.h>
int main() {
#ifdef _OPENMP
  return 0;
#else
  breaks_on_purpose
#endif
}

Performing C++ SOURCE FILE Test OpenMP_FLAG_DETECTED failed with the following output:
Change Dir: /Users/SJCY/Library/Mobile Documents/com~apple~CloudDocs/Research/mpm/build/CMakeFiles/CMakeTmp

Run Build Command:"/usr/bin/make" "cmTC_b768e/fast"
/Applications/Xcode.app/Contents/Developer/usr/bin/make -f CMakeFiles/cmTC_b768e.dir/build.make CMakeFiles/cmTC_b768e.dir/build
Building CXX object CMakeFiles/cmTC_b768e.dir/src.cxx.o
/Applications/Xcode.app/Contents/Developer/Toolchains/XcodeDefault.xctoolchain/usr/bin/c++     -std=c++11 -m64 -g -DOpenMP_FLAG_DETECTED -fopenmp   -o CMakeFiles/cmTC_b768e.dir/src.cxx.o -c "/Users/SJCY/Library/Mobile Documents/com~apple~CloudDocs/Research/mpm/build/CMakeFiles/CMakeTmp/src.cxx"
clang: error: unsupported option '-fopenmp'
make[1]: *** [CMakeFiles/cmTC_b768e.dir/src.cxx.o] Error 1
make: *** [cmTC_b768e/fast] Error 2

Source file was:

#include <omp.h>
int main() {
#ifdef _OPENMP
  return 0;
#else
  breaks_on_purpose
#endif
}

Performing C++ SOURCE FILE Test OpenMP_FLAG_DETECTED failed with the following output:
Change Dir: /Users/SJCY/Library/Mobile Documents/com~apple~CloudDocs/Research/mpm/build/CMakeFiles/CMakeTmp

Run Build Command:"/usr/bin/make" "cmTC_68955/fast"
/Applications/Xcode.app/Contents/Developer/usr/bin/make -f CMakeFiles/cmTC_68955.dir/build.make CMakeFiles/cmTC_68955.dir/build
Building CXX object CMakeFiles/cmTC_68955.dir/src.cxx.o
/Applications/Xcode.app/Contents/Developer/Toolchains/XcodeDefault.xctoolchain/usr/bin/c++     -std=c++11 -m64 -g -DOpenMP_FLAG_DETECTED /openmp   -o CMakeFiles/cmTC_68955.dir/src.cxx.o -c "/Users/SJCY/Library/Mobile Documents/com~apple~CloudDocs/Research/mpm/build/CMakeFiles/CMakeTmp/src.cxx"
clang: error: no such file or directory: '/openmp'
make[1]: *** [CMakeFiles/cmTC_68955.dir/src.cxx.o] Error 1
make: *** [cmTC_68955/fast] Error 2

Source file was:

#include <omp.h>
int main() {
#ifdef _OPENMP
  return 0;
#else
  breaks_on_purpose
#endif
}

Performing C++ SOURCE FILE Test OpenMP_FLAG_DETECTED failed with the following output:
Change Dir: /Users/SJCY/Library/Mobile Documents/com~apple~CloudDocs/Research/mpm/build/CMakeFiles/CMakeTmp

Run Build Command:"/usr/bin/make" "cmTC_fce1f/fast"
/Applications/Xcode.app/Contents/Developer/usr/bin/make -f CMakeFiles/cmTC_fce1f.dir/build.make CMakeFiles/cmTC_fce1f.dir/build
Building CXX object CMakeFiles/cmTC_fce1f.dir/src.cxx.o
/Applications/Xcode.app/Contents/Developer/Toolchains/XcodeDefault.xctoolchain/usr/bin/c++     -std=c++11 -m64 -g -DOpenMP_FLAG_DETECTED -Qopenmp   -o CMakeFiles/cmTC_fce1f.dir/src.cxx.o -c "/Users/SJCY/Library/Mobile Documents/com~apple~CloudDocs/Research/mpm/build/CMakeFiles/CMakeTmp/src.cxx"
clang: error: unknown argument: '-Qopenmp'
make[1]: *** [CMakeFiles/cmTC_fce1f.dir/src.cxx.o] Error 1
make: *** [cmTC_fce1f/fast] Error 2

Source file was:

#include <omp.h>
int main() {
#ifdef _OPENMP
  return 0;
#else
  breaks_on_purpose
#endif
}

Performing C++ SOURCE FILE Test OpenMP_FLAG_DETECTED failed with the following output:
Change Dir: /Users/SJCY/Library/Mobile Documents/com~apple~CloudDocs/Research/mpm/build/CMakeFiles/CMakeTmp

Run Build Command:"/usr/bin/make" "cmTC_5c81c/fast"
/Applications/Xcode.app/Contents/Developer/usr/bin/make -f CMakeFiles/cmTC_5c81c.dir/build.make CMakeFiles/cmTC_5c81c.dir/build
Building CXX object CMakeFiles/cmTC_5c81c.dir/src.cxx.o
/Applications/Xcode.app/Contents/Developer/Toolchains/XcodeDefault.xctoolchain/usr/bin/c++     -std=c++11 -m64 -g -DOpenMP_FLAG_DETECTED -openmp   -o CMakeFiles/cmTC_5c81c.dir/src.cxx.o -c "/Users/SJCY/Library/Mobile Documents/com~apple~CloudDocs/Research/mpm/build/CMakeFiles/CMakeTmp/src.cxx"
/Users/SJCY/Library/Mobile Documents/com~apple~CloudDocs/Research/mpm/build/CMakeFiles/CMakeTmp/src.cxx:2:10: fatal error: 'omp.h' file not found
#include <omp.h>
         ^
1 error generated.
make[1]: *** [CMakeFiles/cmTC_5c81c.dir/src.cxx.o] Error 1
make: *** [cmTC_5c81c/fast] Error 2

Source file was:

#include <omp.h>
int main() {
#ifdef _OPENMP
  return 0;
#else
  breaks_on_purpose
#endif
}

Performing C++ SOURCE FILE Test OpenMP_FLAG_DETECTED failed with the following output:
Change Dir: /Users/SJCY/Library/Mobile Documents/com~apple~CloudDocs/Research/mpm/build/CMakeFiles/CMakeTmp

Run Build Command:"/usr/bin/make" "cmTC_4c54d/fast"
/Applications/Xcode.app/Contents/Developer/usr/bin/make -f CMakeFiles/cmTC_4c54d.dir/build.make CMakeFiles/cmTC_4c54d.dir/build
Building CXX object CMakeFiles/cmTC_4c54d.dir/src.cxx.o
/Applications/Xcode.app/Contents/Developer/Toolchains/XcodeDefault.xctoolchain/usr/bin/c++     -std=c++11 -m64 -g -DOpenMP_FLAG_DETECTED -xopenmp   -o CMakeFiles/cmTC_4c54d.dir/src.cxx.o -c "/Users/SJCY/Library/Mobile Documents/com~apple~CloudDocs/Research/mpm/build/CMakeFiles/CMakeTmp/src.cxx"
clang: error: language not recognized: 'openmp'
clang: warning: /Users/SJCY/Library/Mobile Documents/com~apple~CloudDocs/Research/mpm/build/CMakeFiles/CMakeTmp/src.cxx: 'linker' input unused [-Wunused-command-line-argument]
make[1]: *** [CMakeFiles/cmTC_4c54d.dir/src.cxx.o] Error 1
make: *** [cmTC_4c54d/fast] Error 2

Source file was:

#include <omp.h>
int main() {
#ifdef _OPENMP
  return 0;
#else
  breaks_on_purpose
#endif
}

Performing C++ SOURCE FILE Test OpenMP_FLAG_DETECTED failed with the following output:
Change Dir: /Users/SJCY/Library/Mobile Documents/com~apple~CloudDocs/Research/mpm/build/CMakeFiles/CMakeTmp

Run Build Command:"/usr/bin/make" "cmTC_e9d3b/fast"
/Applications/Xcode.app/Contents/Developer/usr/bin/make -f CMakeFiles/cmTC_e9d3b.dir/build.make CMakeFiles/cmTC_e9d3b.dir/build
Building CXX object CMakeFiles/cmTC_e9d3b.dir/src.cxx.o
/Applications/Xcode.app/Contents/Developer/Toolchains/XcodeDefault.xctoolchain/usr/bin/c++     -std=c++11 -m64 -g -DOpenMP_FLAG_DETECTED +Oopenmp   -o CMakeFiles/cmTC_e9d3b.dir/src.cxx.o -c "/Users/SJCY/Library/Mobile Documents/com~apple~CloudDocs/Research/mpm/build/CMakeFiles/CMakeTmp/src.cxx"
clang: error: no such file or directory: '+Oopenmp'
make[1]: *** [CMakeFiles/cmTC_e9d3b.dir/src.cxx.o] Error 1
make: *** [cmTC_e9d3b/fast] Error 2

Source file was:

#include <omp.h>
int main() {
#ifdef _OPENMP
  return 0;
#else
  breaks_on_purpose
#endif
}

Performing C++ SOURCE FILE Test OpenMP_FLAG_DETECTED failed with the following output:
Change Dir: /Users/SJCY/Library/Mobile Documents/com~apple~CloudDocs/Research/mpm/build/CMakeFiles/CMakeTmp

Run Build Command:"/usr/bin/make" "cmTC_fc29c/fast"
/Applications/Xcode.app/Contents/Developer/usr/bin/make -f CMakeFiles/cmTC_fc29c.dir/build.make CMakeFiles/cmTC_fc29c.dir/build
Building CXX object CMakeFiles/cmTC_fc29c.dir/src.cxx.o
/Applications/Xcode.app/Contents/Developer/Toolchains/XcodeDefault.xctoolchain/usr/bin/c++     -std=c++11 -m64 -g -DOpenMP_FLAG_DETECTED -qsmp   -o CMakeFiles/cmTC_fc29c.dir/src.cxx.o -c "/Users/SJCY/Library/Mobile Documents/com~apple~CloudDocs/Research/mpm/build/CMakeFiles/CMakeTmp/src.cxx"
clang: error: unknown argument: '-qsmp'
make[1]: *** [CMakeFiles/cmTC_fc29c.dir/src.cxx.o] Error 1
make: *** [cmTC_fc29c/fast] Error 2

Source file was:

#include <omp.h>
int main() {
#ifdef _OPENMP
  return 0;
#else
  breaks_on_purpose
#endif
}

Performing C++ SOURCE FILE Test OpenMP_FLAG_DETECTED failed with the following output:
Change Dir: /Users/SJCY/Library/Mobile Documents/com~apple~CloudDocs/Research/mpm/build/CMakeFiles/CMakeTmp

Run Build Command:"/usr/bin/make" "cmTC_e3f01/fast"
/Applications/Xcode.app/Contents/Developer/usr/bin/make -f CMakeFiles/cmTC_e3f01.dir/build.make CMakeFiles/cmTC_e3f01.dir/build
Building CXX object CMakeFiles/cmTC_e3f01.dir/src.cxx.o
/Applications/Xcode.app/Contents/Developer/Toolchains/XcodeDefault.xctoolchain/usr/bin/c++     -std=c++11 -m64 -g -DOpenMP_FLAG_DETECTED -mp   -o CMakeFiles/cmTC_e3f01.dir/src.cxx.o -c "/Users/SJCY/Library/Mobile Documents/com~apple~CloudDocs/Research/mpm/build/CMakeFiles/CMakeTmp/src.cxx"
clang: error: unknown argument: '-mp'
make[1]: *** [CMakeFiles/cmTC_e3f01.dir/src.cxx.o] Error 1
make: *** [cmTC_e3f01/fast] Error 2

Source file was:

#include <omp.h>
int main() {
#ifdef _OPENMP
  return 0;
#else
  breaks_on_purpose
#endif
}

